build/app/intermediates/manifest_merge_blame_file/debug/manifest-merger-blame-debug-report.txt
1<?xml version="1.0" encoding="utf-8"?>
2<manifest xmlns:android="http://schemas.android.com/apk/res/android"
3    package="com.bytx.attendanceapp"
4    android:versionCode="1"
5    android:versionName="1.0.0" >
6
7    <uses-sdk
8        android:minSdkVersion="21"
9        android:targetSdkVersion="31" />
10    <!--
11         Flutter needs it to communicate with the running application
12         to allow setting breakpoints, to provide hot reload, etc.
13    -->
14    <uses-permission android:name="android.permission.INTERNET" />
14-->src\debug\AndroidManifest.xml:6:5-66
14-->src\debug\AndroidManifest.xml:6:22-64
15    <uses-permission android:name="android.permission.CAMERA" />
15-->[:flutter_barcode_scanner] AndroidManifest.xml:9:5-65
15-->[:flutter_barcode_scanner] AndroidManifest.xml:9:22-62
16
17    <uses-feature android:name="android.hardware.camera" />
17-->[:flutter_barcode_scanner] AndroidManifest.xml:11:5-60
17-->[:flutter_barcode_scanner] AndroidManifest.xml:11:19-57
18
19    <uses-permission android:name="android.permission.FLASHLIGHT" />
19-->[:flutter_barcode_scanner] AndroidManifest.xml:13:5-69
19-->[:flutter_barcode_scanner] AndroidManifest.xml:13:22-66
20    <uses-permission android:name="android.permission.ACCESS_COARSE_LOCATION" />
20-->[:location] AndroidManifest.xml:7:5-81
20-->[:location] AndroidManifest.xml:7:22-78
21    <uses-permission android:name="android.permission.ACCESS_FINE_LOCATION" /> <!-- Although the *SdkVersion is captured in gradle build files, this is required for non gradle builds -->
21-->[:location] AndroidManifest.xml:8:5-79
21-->[:location] AndroidManifest.xml:8:22-76
22    <!-- <uses-sdk android:minSdkVersion="14" /> -->
23    <uses-permission android:name="android.permission.ACCESS_NETWORK_STATE" />
23-->[com.google.firebase:firebase-firestore:24.3.1] AndroidManifest.xml:13:5-79
23-->[com.google.firebase:firebase-firestore:24.3.1] AndroidManifest.xml:13:22-76
24
25    <application
26        android:name="android.app.Application"
27        android:appComponentFactory="androidx.core.app.CoreComponentFactory"
27-->[androidx.core:core:1.8.0] AndroidManifest.xml:24:18-86
28        android:debuggable="true"
29        android:icon="@mipmap/ic_launcher"
30        android:label="attendanceapp"
31        android:largeHeap="true"
31-->[:flutter_barcode_scanner] AndroidManifest.xml:16:9-33
32        android:theme="@style/Theme.AppCompat.NoActionBar" >
32-->[:flutter_barcode_scanner] AndroidManifest.xml:17:9-59
33        <activity
34            android:name="com.bytx.attendanceapp.MainActivity"
35            android:configChanges="orientation|keyboardHidden|keyboard|screenSize|smallestScreenSize|locale|layoutDirection|fontScale|screenLayout|density|uiMode"
36            android:exported="true"
37            android:hardwareAccelerated="true"
38            android:launchMode="singleTop"
39            android:theme="@style/LaunchTheme"
40            android:windowSoftInputMode="adjustResize" >
41
42            <!--
43                 Specifies an Android theme to apply to this Activity as soon as
44                 the Android process has started. This theme is visible to the user
45                 while the Flutter UI initializes. After that, this theme continues
46                 to determine the Window background behind the Flutter UI.
47            -->
48            <meta-data
49                android:name="io.flutter.embedding.android.NormalTheme"
50                android:resource="@style/NormalTheme" />
51
52            <intent-filter>
53                <action android:name="android.intent.action.MAIN" />
54
55                <category android:name="android.intent.category.LAUNCHER" />
56            </intent-filter>
57        </activity>
58        <!--
59             Don't delete the meta-data below.
60             This is used by the Flutter tool to generate GeneratedPluginRegistrant.java
61        -->
62        <meta-data
63            android:name="flutterEmbedding"
64            android:value="2" />
65
66        <service
66-->[:firebase_storage] AndroidManifest.xml:8:9-12:19
67            android:name="com.google.firebase.components.ComponentDiscoveryService"
67-->[:firebase_storage] AndroidManifest.xml:8:18-89
68            android:directBootAware="true"
68-->[com.google.firebase:firebase-common:20.1.2] AndroidManifest.xml:35:13-43
69            android:exported="false" >
69-->[com.google.firebase:firebase-firestore:24.3.1] AndroidManifest.xml:19:13-37
70            <meta-data
70-->[:firebase_storage] AndroidManifest.xml:9:13-11:85
71                android:name="com.google.firebase.components:io.flutter.plugins.firebase.storage.FlutterFirebaseAppRegistrar"
71-->[:firebase_storage] AndroidManifest.xml:10:17-126
72                android:value="com.google.firebase.components.ComponentRegistrar" />
72-->[:firebase_storage] AndroidManifest.xml:11:17-82
73            <meta-data
73-->[:cloud_firestore] AndroidManifest.xml:9:13-11:85
74                android:name="com.google.firebase.components:io.flutter.plugins.firebase.firestore.FlutterFirebaseFirestoreRegistrar"
74-->[:cloud_firestore] AndroidManifest.xml:10:17-134
75                android:value="com.google.firebase.components.ComponentRegistrar" />
75-->[:cloud_firestore] AndroidManifest.xml:11:17-82
76            <meta-data
76-->[:firebase_core] AndroidManifest.xml:9:13-11:85
77                android:name="com.google.firebase.components:io.flutter.plugins.firebase.core.FlutterFirebaseCoreRegistrar"
77-->[:firebase_core] AndroidManifest.xml:10:17-124
78                android:value="com.google.firebase.components.ComponentRegistrar" />
78-->[:firebase_core] AndroidManifest.xml:11:17-82
79            <meta-data
79-->[com.google.firebase:firebase-firestore:24.3.1] AndroidManifest.xml:20:13-22:85
80                android:name="com.google.firebase.components:com.google.firebase.firestore.FirestoreRegistrar"
80-->[com.google.firebase:firebase-firestore:24.3.1] AndroidManifest.xml:21:17-111
81                android:value="com.google.firebase.components.ComponentRegistrar" />
81-->[com.google.firebase:firebase-firestore:24.3.1] AndroidManifest.xml:22:17-82
82            <meta-data
82-->[com.google.firebase:firebase-storage:20.0.2] AndroidManifest.xml:33:13-35:85
83                android:name="com.google.firebase.components:com.google.firebase.storage.StorageRegistrar"
83-->[com.google.firebase:firebase-storage:20.0.2] AndroidManifest.xml:34:17-107
84                android:value="com.google.firebase.components.ComponentRegistrar" />
84-->[com.google.firebase:firebase-storage:20.0.2] AndroidManifest.xml:35:17-82
85        </service>
86
87        <activity android:name="com.amolg.flutterbarcodescanner.BarcodeCaptureActivity" />
87-->[:flutter_barcode_scanner] AndroidManifest.xml:18:9-91
87-->[:flutter_barcode_scanner] AndroidManifest.xml:18:19-88
88
89        <provider
89-->[:image_picker_android] AndroidManifest.xml:8:9-16:20
90            android:name="io.flutter.plugins.imagepicker.ImagePickerFileProvider"
90-->[:image_picker_android] AndroidManifest.xml:9:13-82
91            android:authorities="com.bytx.attendanceapp.flutter.image_provider"
91-->[:image_picker_android] AndroidManifest.xml:10:13-74
92            android:exported="false"
92-->[:image_picker_android] AndroidManifest.xml:11:13-37
93            android:grantUriPermissions="true" >
93-->[:image_picker_android] AndroidManifest.xml:12:13-47
94            <meta-data
94-->[:image_picker_android] AndroidManifest.xml:13:13-15:75
95                android:name="android.support.FILE_PROVIDER_PATHS"
95-->[:image_picker_android] AndroidManifest.xml:14:17-67
96                android:resource="@xml/flutter_image_picker_file_paths" />
96-->[:image_picker_android] AndroidManifest.xml:15:17-72
97        </provider>
98
99        <service
99-->[:location] AndroidManifest.xml:11:9-15:56
100            android:name="com.lyokone.location.FlutterLocationService"
100-->[:location] AndroidManifest.xml:12:13-71
101            android:enabled="true"
101-->[:location] AndroidManifest.xml:13:13-35
102            android:exported="false"
102-->[:location] AndroidManifest.xml:14:13-37
103            android:foregroundServiceType="location" />
103-->[:location] AndroidManifest.xml:15:13-53
104
105        <uses-library
105-->[androidx.window:window:1.0.0-beta04] AndroidManifest.xml:25:9-27:40
106            android:name="androidx.window.extensions"
106-->[androidx.window:window:1.0.0-beta04] AndroidManifest.xml:26:13-54
107            android:required="false" />
107-->[androidx.window:window:1.0.0-beta04] AndroidManifest.xml:27:13-37
108        <uses-library
108-->[androidx.window:window:1.0.0-beta04] AndroidManifest.xml:28:9-30:40
109            android:name="androidx.window.sidecar"
109-->[androidx.window:window:1.0.0-beta04] AndroidManifest.xml:29:13-51
110            android:required="false" />
110-->[androidx.window:window:1.0.0-beta04] AndroidManifest.xml:30:13-37
111
112        <provider
112-->[com.google.firebase:firebase-common:20.1.2] AndroidManifest.xml:26:9-31:39
113            android:name="com.google.firebase.provider.FirebaseInitProvider"
113-->[com.google.firebase:firebase-common:20.1.2] AndroidManifest.xml:27:13-77
114            android:authorities="com.bytx.attendanceapp.firebaseinitprovider"
114-->[com.google.firebase:firebase-common:20.1.2] AndroidManifest.xml:28:13-72
115            android:directBootAware="true"
115-->[com.google.firebase:firebase-common:20.1.2] AndroidManifest.xml:29:13-43
116            android:exported="false"
116-->[com.google.firebase:firebase-common:20.1.2] AndroidManifest.xml:30:13-37
117            android:initOrder="100" />
117-->[com.google.firebase:firebase-common:20.1.2] AndroidManifest.xml:31:13-36
118
119        <activity
119-->[com.google.android.gms:play-services-base:18.0.1] AndroidManifest.xml:20:9-22:45
120            android:name="com.google.android.gms.common.api.GoogleApiActivity"
120-->[com.google.android.gms:play-services-base:18.0.1] AndroidManifest.xml:20:19-85
121            android:exported="false"
121-->[com.google.android.gms:play-services-base:18.0.1] AndroidManifest.xml:22:19-43
122            android:theme="@android:style/Theme.Translucent.NoTitleBar" />
122-->[com.google.android.gms:play-services-base:18.0.1] AndroidManifest.xml:21:19-78
123
124        <meta-data
124-->[com.google.android.gms:play-services-basement:18.1.0] AndroidManifest.xml:21:9-23:69
125            android:name="com.google.android.gms.version"
125-->[com.google.android.gms:play-services-basement:18.1.0] AndroidManifest.xml:22:13-58
126            android:value="@integer/google_play_services_version" />
126-->[com.google.android.gms:play-services-basement:18.1.0] AndroidManifest.xml:23:13-66
127    </application>
128
129</manifest>